[10:25:06] RVC training job starting
[10:25:06] === training voice_6e9144946e68 (Elke_20260706-202418 voice) from 1 recording(s) ===
[10:25:06] --- preprocess: voice_6e9144946e68 --dataset_path C:\Development\Workspaces\mITyStudio2\tools\rvc-datasets\voice_6e9144946e68 --sample_rate …
[10:25:52] preprocess done
[10:25:52] --- extract: voice_6e9144946e68 --f0_method rmvpe --sample_rate …
[10:27:11] extract done
[10:27:11] --- train: voice_6e9144946e68 --sample_rate 40000 --total_epoch …
[18:18:38] train done
[18:18:38] --- index: voice_6e9144946e68 --index_algorithm Auto …
[18:19:37] index done
[18:19:37] === voice_6e9144946e68 COMPLETE ===
[18:19:37] === training voice_3f5105c29568 (limme_20260706-211445 voice) from 1 recording(s) ===
[18:19:37] --- preprocess: voice_3f5105c29568 --dataset_path C:\Development\Workspaces\mITyStudio2\tools\rvc-datasets\voice_3f5105c29568 --sample_rate …
[18:20:04] preprocess done
[18:20:04] --- extract: voice_3f5105c29568 --f0_method rmvpe --sample_rate …
[18:21:08] extract done
[18:21:08] --- train: voice_3f5105c29568 --sample_rate 40000 --total_epoch …
[23:39:49] train done
[23:39:49] --- index: voice_3f5105c29568 --index_algorithm Auto …
[23:39:58] index done
[23:39:58] === voice_3f5105c29568 COMPLETE ===
[23:39:58] RVC training job finished
